<?xml version="1.0" encoding="UTF-8"?>
<!-- Generated by org.testng.reporters.JUnitReportReporter -->
<testsuite hostname="ag" name="org.jboss.seam.reports.openoffice.OOReportsBeanExpressionTest" tests="1" failures="0" timestamp="19 Jun 2011 10:40:00 GMT" time="5,680" errors="0">
  <testcase name="fill" time="5,680" classname="org.jboss.seam.reports.openoffice.OOReportsBeanExpressionTest"/>
</testsuite>
